
Showing logs for build [32mcb-kubecd-environment-pr-158-16-hbghm-1[0m stage [32mfrom-build-pack[0m and container [32mstep-credential-initializer-zp26b[0m
{"level":"warn","ts":1581636014.593341,"logger":"fallback-logger","caller":"logging/config.go:69","msg":"Fetch GitHub commit ID from kodata failed: \"ref: refs/heads/0.8.0-**-support-backwards-incompats\" is not a valid GitHub commit ID"}
{"level":"info","ts":1581636014.594927,"logger":"fallback-logger","caller":"creds-init/main.go:40","msg":"Credentials initialized."}

Showing logs for build [32mcb-kubecd-environment-pr-158-16-hbghm-1[0m stage [32mfrom-build-pack[0m and container [32mstep-working-dir-initializer-j8vd4[0m
{"level":"warn","ts":1581636016.0649178,"logger":"fallback-logger","caller":"logging/config.go:69","msg":"Fetch GitHub commit ID from kodata failed: open /var/run/ko/HEAD: no such file or directory"}
{"level":"info","ts":1581636016.0673618,"logger":"fallback-logger","caller":"bash/main.go:64","msg":"Successfully executed command \"sh -c mkdir -p /workspace/source\"; output "}

Showing logs for build [32mcb-kubecd-environment-pr-158-16-hbghm-1[0m stage [32mfrom-build-pack[0m and container [32mstep-place-tools[0m

Showing logs for build [32mcb-kubecd-environment-pr-158-16-hbghm-1[0m stage [32mfrom-build-pack[0m and container [32mstep-git-source-cb-kubecd-environment-pr-158-16-hbghm-tsfrb[0m
{"level":"warn","ts":1581636020.2384005,"logger":"fallback-logger","caller":"logging/config.go:69","msg":"Fetch GitHub commit ID from kodata failed: \"ref: refs/heads/0.8.0-**-support-backwards-incompats\" is not a valid GitHub commit ID"}
{"level":"info","ts":1581636021.3028014,"logger":"fallback-logger","caller":"git/git.go:103","msg":"Successfully cloned https://github.com/cb-kubecd/environment-pr-158-16-boot-gke-staging.git @ master in path /workspace/source"}

Showing logs for build [32mcb-kubecd-environment-pr-158-16-hbghm-1[0m stage [32mfrom-build-pack[0m and container [32mstep-git-merge[0m
Using SHAs from PULL_REFS=master:c7af5a3dd0794c97937eda19b087b99319db3cc4,3:12142e4c11d8cddd9e428cd4bcc52bd3d29d1d70
DEBUG: LC_ALL=C JX_LOG_LEVEL=error git fetch origin --unshallow 12142e4c11d8cddd9e428cd4bcc52bd3d29d1d70: c7af5a3dd0794c97937eda19b087b99319db3cc4:
DEBUG: ran git fetch --unshallow origin 12142e4c11d8cddd9e428cd4bcc52bd3d29d1d70: c7af5a3dd0794c97937eda19b087b99319db3cc4: in 
DEBUG: LC_ALL=C JX_LOG_LEVEL=error git branch
DEBUG: JX_LOG_LEVEL=error LC_ALL=C git checkout master
DEBUG: ran git checkout master in 
DEBUG: LC_ALL=C JX_LOG_LEVEL=error git reset --hard c7af5a3dd0794c97937eda19b087b99319db3cc4
DEBUG: ran git reset --hard c7af5a3dd0794c97937eda19b087b99319db3cc4 in 
DEBUG: JX_LOG_LEVEL=error LC_ALL=C git clean -fd .
DEBUG: ran clean --force -d . in 
DEBUG: LC_ALL=C JX_LOG_LEVEL=error git merge 12142e4c11d8cddd9e428cd4bcc52bd3d29d1d70
DEBUG: ran git merge 12142e4c11d8cddd9e428cd4bcc52bd3d29d1d70 in 
DEBUG: LC_ALL=C JX_LOG_LEVEL=error git log --format=%H%x1f%an%x1f%ae%x1f%cn%x1f%ce%x1f%s%n%b%x1e c7af5a3dd0794c97937eda19b087b99319db3cc4..HEAD
Merged SHA 12142e4c11d8cddd9e428cd4bcc52bd3d29d1d70 with commit message 'chore: Promote bdd-sbhg-1581635034 to version 0.0.1' into base branch master

Showing logs for build [32mcb-kubecd-environment-pr-158-16-hbghm-1[0m stage [32mfrom-build-pack[0m and container [32mstep-build-helm-build[0m
WARNING: No $CHART_REPOSITORY defined so using the default value of: http://jenkins-x-chartmuseum:8080
Adding missing Helm repo: storage.googleapis.com https://storage.googleapis.com/chartmuseum.jenkins-x.io
WARNING: No secrets found on "helm/repos" due: reading the secret "helm/repos" from vault: no secret "helm/repos" not found in vault
Read credentials for https://storage.googleapis.com/chartmuseum.jenkins-x.io from vault helm/repos
Successfully added Helm repository storage.googleapis.com.
Adding missing Helm repo: jenkins-x-chartmuseum http://jenkins-x-chartmuseum:8080
WARNING: No secrets found on "helm/repos" due: reading the secret "helm/repos" from vault: no secret "helm/repos" not found in vault
Read credentials for http://jenkins-x-chartmuseum:8080 from vault helm/repos
Successfully added Helm repository jenkins-x-chartmuseum.
WARNING: No $CHART_REPOSITORY defined so using the default value of: http://jenkins-x-chartmuseum:8080
Adding missing Helm repo: chartmuseum.jenkins-x.io http://chartmuseum.jenkins-x.io
WARNING: No secrets found on "helm/repos" due: reading the secret "helm/repos" from vault: no secret "helm/repos" not found in vault
Read credentials for http://chartmuseum.jenkins-x.io from vault helm/repos
Successfully added Helm repository chartmuseum.jenkins-x.io.
