
Showing logs for build [32mcb-kubecd-environment-pr-158-16-dgbjh-1[0m stage [32mfrom-build-pack[0m and container [32mstep-credential-initializer-b7xtc[0m
{"level":"warn","ts":1581637423.2784011,"logger":"fallback-logger","caller":"logging/config.go:69","msg":"Fetch GitHub commit ID from kodata failed: \"ref: refs/heads/0.8.0-**-support-backwards-incompats\" is not a valid GitHub commit ID"}
{"level":"info","ts":1581637423.2808204,"logger":"fallback-logger","caller":"creds-init/main.go:40","msg":"Credentials initialized."}

Showing logs for build [32mcb-kubecd-environment-pr-158-16-dgbjh-1[0m stage [32mfrom-build-pack[0m and container [32mstep-working-dir-initializer-zblv4[0m
{"level":"warn","ts":1581637424.2538347,"logger":"fallback-logger","caller":"logging/config.go:69","msg":"Fetch GitHub commit ID from kodata failed: open /var/run/ko/HEAD: no such file or directory"}
{"level":"info","ts":1581637424.256265,"logger":"fallback-logger","caller":"bash/main.go:64","msg":"Successfully executed command \"sh -c mkdir -p /workspace/source\"; output "}

Showing logs for build [32mcb-kubecd-environment-pr-158-16-dgbjh-1[0m stage [32mfrom-build-pack[0m and container [32mstep-place-tools[0m

Showing logs for build [32mcb-kubecd-environment-pr-158-16-dgbjh-1[0m stage [32mfrom-build-pack[0m and container [32mstep-git-source-cb-kubecd-environment-pr-158-16-dgbjh-ln5cr[0m
{"level":"warn","ts":1581637428.4295273,"logger":"fallback-logger","caller":"logging/config.go:69","msg":"Fetch GitHub commit ID from kodata failed: \"ref: refs/heads/0.8.0-**-support-backwards-incompats\" is not a valid GitHub commit ID"}
{"level":"info","ts":1581637429.5224378,"logger":"fallback-logger","caller":"git/git.go:103","msg":"Successfully cloned https://github.com/cb-kubecd/environment-pr-158-16-boot-gke-staging.git @ master in path /workspace/source"}

Showing logs for build [32mcb-kubecd-environment-pr-158-16-dgbjh-1[0m stage [32mfrom-build-pack[0m and container [32mstep-git-merge[0m
Using SHAs from PULL_REFS=master:4906729548c6882cc39a14213e1261a363e6b4f0,5:be1096b3a1ae4b09f9e371fd447a4a3442a9ac79
DEBUG: LC_ALL=C JX_LOG_LEVEL=error git fetch origin --unshallow be1096b3a1ae4b09f9e371fd447a4a3442a9ac79: 4906729548c6882cc39a14213e1261a363e6b4f0:
DEBUG: ran git fetch --unshallow origin be1096b3a1ae4b09f9e371fd447a4a3442a9ac79: 4906729548c6882cc39a14213e1261a363e6b4f0: in 
DEBUG: JX_LOG_LEVEL=error LC_ALL=C git branch
DEBUG: LC_ALL=C JX_LOG_LEVEL=error git checkout master
DEBUG: ran git checkout master in 
DEBUG: LC_ALL=C JX_LOG_LEVEL=error git reset --hard 4906729548c6882cc39a14213e1261a363e6b4f0
DEBUG: ran git reset --hard 4906729548c6882cc39a14213e1261a363e6b4f0 in 
DEBUG: LC_ALL=C JX_LOG_LEVEL=error git clean -fd .
DEBUG: ran clean --force -d . in 
DEBUG: LC_ALL=C JX_LOG_LEVEL=error git merge be1096b3a1ae4b09f9e371fd447a4a3442a9ac79
DEBUG: ran git merge be1096b3a1ae4b09f9e371fd447a4a3442a9ac79 in 
DEBUG: LC_ALL=C JX_LOG_LEVEL=error git log --format=%H%x1f%an%x1f%ae%x1f%cn%x1f%ce%x1f%s%n%b%x1e 4906729548c6882cc39a14213e1261a363e6b4f0..HEAD
Merged SHA be1096b3a1ae4b09f9e371fd447a4a3442a9ac79 with commit message 'chore: Promote bdd-ghf**y-import-1581637118 to version 0.0.1' into base branch master

Showing logs for build [32mcb-kubecd-environment-pr-158-16-dgbjh-1[0m stage [32mfrom-build-pack[0m and container [32mstep-build-helm-build[0m
WARNING: No $CHART_REPOSITORY defined so using the default value of: http://jenkins-x-chartmuseum:8080
Adding missing Helm repo: storage.googleapis.com https://storage.googleapis.com/chartmuseum.jenkins-x.io
WARNING: No secrets found on "helm/repos" due: reading the secret "helm/repos" from vault: no secret "helm/repos" not found in vault
Read credentials for https://storage.googleapis.com/chartmuseum.jenkins-x.io from vault helm/repos
Successfully added Helm repository storage.googleapis.com.
Adding missing Helm repo: jenkins-x-chartmuseum http://jenkins-x-chartmuseum:8080
WARNING: No secrets found on "helm/repos" due: reading the secret "helm/repos" from vault: no secret "helm/repos" not found in vault
Read credentials for http://jenkins-x-chartmuseum:8080 from vault helm/repos
Successfully added Helm repository jenkins-x-chartmuseum.
WARNING: No $CHART_REPOSITORY defined so using the default value of: http://jenkins-x-chartmuseum:8080
Adding missing Helm repo: chartmuseum.jenkins-x.io http://chartmuseum.jenkins-x.io
WARNING: No secrets found on "helm/repos" due: reading the secret "helm/repos" from vault: no secret "helm/repos" not found in vault
Read credentials for http://chartmuseum.jenkins-x.io from vault helm/repos
Successfully added Helm repository chartmuseum.jenkins-x.io.
